I am here
deit_tiny_distilled_patch16_224-can_mh-views04-views04-
-------------
Namespace(seed=42, data='can_mh', train_views=4, train_videos=-1, batch_size=1, num_episodes=10, model='deit_tiny_distilled_patch16_224', pred_depth=1, pred_campos_from='both-sep', pretrained=False, test=False, note='views04-views04-', lr=1e-06, distributed=0, address='localhost', port='64754', gpus=1, xpar=False, n_layer=4)
  0%|          | 0/200 [00:00<?, ?it/s]                                       DEBUG: Breaking in train
	doing eval
	-iter 0/50
torch.Size([109, 3, 224, 224]) torch.Size([109, 3, 224, 224])
torch.Size([109, 192]) torch.Size([109, 192])
torch.Size([109, 3, 224, 224]) torch.Size([109, 3, 224, 224])
torch.Size([109, 192]) torch.Size([109, 192])
torch.Size([109, 3, 224, 224]) torch.Size([109, 3, 224, 224])
torch.Size([109, 192]) torch.Size([109, 192])
torch.Size([109, 3, 224, 224]) torch.Size([109, 3, 224, 224])
torch.Size([109, 192]) torch.Size([109, 192])
torch.Size([109, 3, 224, 224]) torch.Size([109, 3, 224, 224])
torch.Size([109, 192]) torch.Size([109, 192])
torch.Size([109, 3, 224, 224]) torch.Size([109, 3, 224, 224])
torch.Size([109, 192]) torch.Size([109, 192])
torch.Size([109, 3, 224, 224]) torch.Size([109, 3, 224, 224])
torch.Size([109, 192]) torch.Size([109, 192])
torch.Size([109, 3, 224, 224]) torch.Size([109, 3, 224, 224])
torch.Size([109, 192]) torch.Size([109, 192])
torch.Size([109, 3, 224, 224]) torch.Size([109, 3, 224, 224])
torch.Size([109, 192]) torch.Size([109, 192])
torch.Size([109, 3, 224, 224]) torch.Size([109, 3, 224, 224])
torch.Size([109, 192]) torch.Size([109, 192])
torch.Size([107, 3, 224, 224]) torch.Size([107, 3, 224, 224])
torch.Size([107, 192]) torch.Size([107, 192])
torch.Size([107, 3, 224, 224]) torch.Size([107, 3, 224, 224])
torch.Size([107, 192]) torch.Size([107, 192])
torch.Size([107, 3, 224, 224]) torch.Size([107, 3, 224, 224])
torch.Size([107, 192]) torch.Size([107, 192])
torch.Size([107, 3, 224, 224]) torch.Size([107, 3, 224, 224])
torch.Size([107, 192]) torch.Size([107, 192])
torch.Size([107, 3, 224, 224]) torch.Size([107, 3, 224, 224])
torch.Size([107, 192]) torch.Size([107, 192])
torch.Size([107, 3, 224, 224]) torch.Size([107, 3, 224, 224])
torch.Size([107, 192]) torch.Size([107, 192])
torch.Size([107, 3, 224, 224]) torch.Size([107, 3, 224, 224])
torch.Size([107, 192]) torch.Size([107, 192])
torch.Size([107, 3, 224, 224]) torch.Size([107, 3, 224, 224])
torch.Size([107, 192]) torch.Size([107, 192])
torch.Size([107, 3, 224, 224]) torch.Size([107, 3, 224, 224])
torch.Size([107, 192]) torch.Size([107, 192])
torch.Size([107, 3, 224, 224]) torch.Size([107, 3, 224, 224])
torch.Size([107, 192]) torch.Size([107, 192])
torch.Size([80, 3, 224, 224]) torch.Size([80, 3, 224, 224])
torch.Size([80, 192]) torch.Size([80, 192])
torch.Size([80, 3, 224, 224]) torch.Size([80, 3, 224, 224])
torch.Size([80, 192]) torch.Size([80, 192])
torch.Size([80, 3, 224, 224]) torch.Size([80, 3, 224, 224])
torch.Size([80, 192]) torch.Size([80, 192])
torch.Size([80, 3, 224, 224]) torch.Size([80, 3, 224, 224])
torch.Size([80, 192]) torch.Size([80, 192])
torch.Size([80, 3, 224, 224]) torch.Size([80, 3, 224, 224])
torch.Size([80, 192]) torch.Size([80, 192])
torch.Size([80, 3, 224, 224]) torch.Size([80, 3, 224, 224])
torch.Size([80, 192]) torch.Size([80, 192])
torch.Size([80, 3, 224, 224]) torch.Size([80, 3, 224, 224])
torch.Size([80, 192]) torch.Size([80, 192])
torch.Size([80, 3, 224, 224]) torch.Size([80, 3, 224, 224])
torch.Size([80, 192]) torch.Size([80, 192])
torch.Size([80, 3, 224, 224]) torch.Size([80, 3, 224, 224])
torch.Size([80, 192]) torch.Size([80, 192])
torch.Size([80, 3, 224, 224]) torch.Size([80, 3, 224, 224])
torch.Size([80, 192]) torch.Size([80, 192])
torch.Size([53, 3, 224, 224]) torch.Size([53, 3, 224, 224])
torch.Size([53, 192]) torch.Size([53, 192])
torch.Size([53, 3, 224, 224]) torch.Size([53, 3, 224, 224])
torch.Size([53, 192]) torch.Size([53, 192])
torch.Size([53, 3, 224, 224]) torch.Size([53, 3, 224, 224])
torch.Size([53, 192]) torch.Size([53, 192])
torch.Size([53, 3, 224, 224]) torch.Size([53, 3, 224, 224])
torch.Size([53, 192]) torch.Size([53, 192])
torch.Size([53, 3, 224, 224]) torch.Size([53, 3, 224, 224])
torch.Size([53, 192]) torch.Size([53, 192])
torch.Size([53, 3, 224, 224]) torch.Size([53, 3, 224, 224])
torch.Size([53, 192]) torch.Size([53, 192])
torch.Size([53, 3, 224, 224]) torch.Size([53, 3, 224, 224])
torch.Size([53, 192]) torch.Size([53, 192])
torch.Size([53, 3, 224, 224]) torch.Size([53, 3, 224, 224])
torch.Size([53, 192]) torch.Size([53, 192])
torch.Size([53, 3, 224, 224]) torch.Size([53, 3, 224, 224])
torch.Size([53, 192]) torch.Size([53, 192])
torch.Size([53, 3, 224, 224]) torch.Size([53, 3, 224, 224])
torch.Size([53, 192]) torch.Size([53, 192])
torch.Size([71, 3, 224, 224]) torch.Size([71, 3, 224, 224])
torch.Size([71, 192]) torch.Size([71, 192])
torch.Size([71, 3, 224, 224]) torch.Size([71, 3, 224, 224])
torch.Size([71, 192]) torch.Size([71, 192])
torch.Size([71, 3, 224, 224]) torch.Size([71, 3, 224, 224])
torch.Size([71, 192]) torch.Size([71, 192])
torch.Size([71, 3, 224, 224]) torch.Size([71, 3, 224, 224])
torch.Size([71, 192]) torch.Size([71, 192])
torch.Size([71, 3, 224, 224]) torch.Size([71, 3, 224, 224])
torch.Size([71, 192]) torch.Size([71, 192])
torch.Size([71, 3, 224, 224]) torch.Size([71, 3, 224, 224])
torch.Size([71, 192]) torch.Size([71, 192])
torch.Size([71, 3, 224, 224]) torch.Size([71, 3, 224, 224])
torch.Size([71, 192]) torch.Size([71, 192])
torch.Size([71, 3, 224, 224]) torch.Size([71, 3, 224, 224])
torch.Size([71, 192]) torch.Size([71, 192])
torch.Size([71, 3, 224, 224]) torch.Size([71, 3, 224, 224])
torch.Size([71, 192]) torch.Size([71, 192])
torch.Size([71, 3, 224, 224]) torch.Size([71, 3, 224, 224])
torch.Size([71, 192]) torch.Size([71, 192])
torch.Size([45, 3, 224, 224]) torch.Size([45, 3, 224, 224])
torch.Size([45, 192]) torch.Size([45, 192])
torch.Size([45, 3, 224, 224]) torch.Size([45, 3, 224, 224])
torch.Size([45, 192]) torch.Size([45, 192])
torch.Size([45, 3, 224, 224]) torch.Size([45, 3, 224, 224])
torch.Size([45, 192]) torch.Size([45, 192])
torch.Size([45, 3, 224, 224]) torch.Size([45, 3, 224, 224])
torch.Size([45, 192]) torch.Size([45, 192])
torch.Size([45, 3, 224, 224]) torch.Size([45, 3, 224, 224])
torch.Size([45, 192]) torch.Size([45, 192])
torch.Size([45, 3, 224, 224]) torch.Size([45, 3, 224, 224])
torch.Size([45, 192]) torch.Size([45, 192])
torch.Size([45, 3, 224, 224]) torch.Size([45, 3, 224, 224])
torch.Size([45, 192]) torch.Size([45, 192])
torch.Size([45, 3, 224, 224]) torch.Size([45, 3, 224, 224])
torch.Size([45, 192]) torch.Size([45, 192])
torch.Size([45, 3, 224, 224]) torch.Size([45, 3, 224, 224])
torch.Size([45, 192]) torch.Size([45, 192])
torch.Size([45, 3, 224, 224]) torch.Size([45, 3, 224, 224])
torch.Size([45, 192]) torch.Size([45, 192])
torch.Size([65, 3, 224, 224]) torch.Size([65, 3, 224, 224])
torch.Size([65, 192]) torch.Size([65, 192])
torch.Size([65, 3, 224, 224]) torch.Size([65, 3, 224, 224])
torch.Size([65, 192]) torch.Size([65, 192])
torch.Size([65, 3, 224, 224]) torch.Size([65, 3, 224, 224])
torch.Size([65, 192]) torch.Size([65, 192])
torch.Size([65, 3, 224, 224]) torch.Size([65, 3, 224, 224])
torch.Size([65, 192]) torch.Size([65, 192])
torch.Size([65, 3, 224, 224]) torch.Size([65, 3, 224, 224])
torch.Size([65, 192]) torch.Size([65, 192])
torch.Size([65, 3, 224, 224]) torch.Size([65, 3, 224, 224])
torch.Size([65, 192]) torch.Size([65, 192])
torch.Size([65, 3, 224, 224]) torch.Size([65, 3, 224, 224])
torch.Size([65, 192]) torch.Size([65, 192])
torch.Size([65, 3, 224, 224]) torch.Size([65, 3, 224, 224])
torch.Size([65, 192]) torch.Size([65, 192])
torch.Size([65, 3, 224, 224]) torch.Size([65, 3, 224, 224])
torch.Size([65, 192]) torch.Size([65, 192])
torch.Size([65, 3, 224, 224]) torch.Size([65, 3, 224, 224])
torch.Size([65, 192]) torch.Size([65, 192])
torch.Size([37, 3, 224, 224]) torch.Size([37, 3, 224, 224])
torch.Size([37, 192]) torch.Size([37, 192])
torch.Size([37, 3, 224, 224]) torch.Size([37, 3, 224, 224])
torch.Size([37, 192]) torch.Size([37, 192])
torch.Size([37, 3, 224, 224]) torch.Size([37, 3, 224, 224])
torch.Size([37, 192]) torch.Size([37, 192])
torch.Size([37, 3, 224, 224]) torch.Size([37, 3, 224, 224])
torch.Size([37, 192]) torch.Size([37, 192])
torch.Size([37, 3, 224, 224]) torch.Size([37, 3, 224, 224])
torch.Size([37, 192]) torch.Size([37, 192])
torch.Size([37, 3, 224, 224]) torch.Size([37, 3, 224, 224])
torch.Size([37, 192]) torch.Size([37, 192])
torch.Size([37, 3, 224, 224]) torch.Size([37, 3, 224, 224])
torch.Size([37, 192]) torch.Size([37, 192])
torch.Size([37, 3, 224, 224]) 